[Thu Aug 20 23:02:01.832 2015] [ 2688] watchdog: main process 2689 forked ok
[Thu Aug 20 23:02:01.855 2015] [ 2689] listening on all interfaces, port=3563
[Thu Aug 20 23:02:01.900 2015] [ 2689] binlog: replaying log /Users/smahalzaydy/sharetribe/tmp/binlog/development/binlog.001
[Thu Aug 20 23:02:01.901 2015] [ 2689] binlog: replay stats: 0 rows in 0 commits; 0 updates, 0 reconfigure; 0 indexes
[Thu Aug 20 23:02:01.901 2015] [ 2689] binlog: finished replaying /Users/smahalzaydy/sharetribe/tmp/binlog/development/binlog.001; 0.0 MB in 0.000 sec
[Thu Aug 20 23:02:01.901 2015] [ 2689] binlog: finished replaying total 1 in 0.001 sec
[Thu Aug 20 23:02:01.921 2015] [ 2689] accepting connections
[Thu Aug 20 23:07:22.514 2015] [ 2689] caught SIGTERM, shutting down
[Thu Aug 20 23:07:22.678 2015] [ 2689] shutdown complete
[Fri Aug 21 17:47:09.751 2015] [ 8725] watchdog: main process 8726 forked ok
[Fri Aug 21 17:47:09.795 2015] [ 8726] listening on all interfaces, port=3563
[Fri Aug 21 17:47:09.897 2015] [ 8726] binlog: replaying log /Users/smahalzaydy/sharetribe/tmp/binlog/development/binlog.001
[Fri Aug 21 17:47:09.899 2015] [ 8726] binlog: replay stats: 0 rows in 0 commits; 0 updates, 0 reconfigure; 0 indexes
[Fri Aug 21 17:47:09.899 2015] [ 8726] binlog: finished replaying /Users/smahalzaydy/sharetribe/tmp/binlog/development/binlog.001; 0.0 MB in 0.000 sec
[Fri Aug 21 17:47:09.899 2015] [ 8726] binlog: replaying log /Users/smahalzaydy/sharetribe/tmp/binlog/development/binlog.001
[Fri Aug 21 17:47:09.899 2015] [ 8726] binlog: replay stats: 0 rows in 0 commits; 0 updates, 0 reconfigure; 0 indexes
[Fri Aug 21 17:47:09.899 2015] [ 8726] binlog: finished replaying /Users/smahalzaydy/sharetribe/tmp/binlog/development/binlog.001; 0.0 MB in 0.000 sec
[Fri Aug 21 17:47:09.899 2015] [ 8726] binlog: finished replaying total 2 in 0.002 sec
[Fri Aug 21 17:47:09.900 2015] [ 8726] accepting connections
[Fri Aug 21 18:30:22.983 2015] [ 8726] caught SIGHUP (seamless=1, in queue=1)
[Fri Aug 21 18:30:23.113 2015] [ 8726] rotating index 'listing_delta': started
[Fri Aug 21 18:30:23.160 2015] [ 8726] WARNING: binlog: failed to unlink /Users/smahalzaydy/sharetribe/tmp/binlog/development/binlog.001: No such file or directory (remove it manually)
[Fri Aug 21 18:30:23.208 2015] [ 8726] last message repeated 1 times
[Fri Aug 21 18:30:23.208 2015] [ 8726] rotating index 'listing_delta': success
[Fri Aug 21 18:30:23.225 2015] [ 8726] rotating index: all indexes done
[Fri Aug 21 18:50:42.889 2015] [ 8726] caught SIGTERM, shutting down
[Fri Aug 21 18:50:43.040 2015] [ 8726] shutdown complete
[Fri Oct  9 09:11:35.581 2015] [ 2836] watchdog: main process 2837 forked ok
[Fri Oct  9 09:11:35.627 2015] [ 2837] listening on all interfaces, port=3563
[Fri Oct  9 09:11:35.638 2015] [ 2837] accepting connections
[Fri Oct  9 10:44:38.839 2015] [ 2837] caught SIGHUP (seamless=1, in queue=1)
[Fri Oct  9 10:44:38.863 2015] [ 2837] rotating index 'listing_delta': started
[Fri Oct  9 10:44:38.975 2015] [ 2837] rotating index 'listing_delta': success
[Fri Oct  9 10:44:39.000 2015] [ 2837] rotating index: all indexes done
[Fri Oct  9 11:16:17.072 2015] [ 2837] caught SIGHUP (seamless=1, in queue=1)
[Fri Oct  9 11:16:17.122 2015] [ 2837] rotating index 'listing_delta': started
[Fri Oct  9 11:16:17.126 2015] [ 2837] rotating index 'listing_delta': success
[Fri Oct  9 11:16:17.126 2015] [ 2837] rotating index: all indexes done
[Fri Oct  9 12:23:28.917 2015] [ 2837] caught SIGHUP (seamless=1, in queue=1)
[Fri Oct  9 12:23:28.994 2015] [ 2837] rotating index 'listing_delta': started
[Fri Oct  9 12:23:29.012 2015] [ 2837] rotating index 'listing_delta': success
[Fri Oct  9 12:23:29.013 2015] [ 2837] rotating index: all indexes done
[Fri Oct  9 12:35:40.743 2015] [ 2837] caught SIGHUP (seamless=1, in queue=1)
[Fri Oct  9 12:35:40.799 2015] [ 2837] rotating index 'listing_delta': started
[Fri Oct  9 12:35:40.812 2015] [ 2837] rotating index 'listing_delta': success
[Fri Oct  9 12:35:40.813 2015] [ 2837] rotating index: all indexes done
[Fri Oct  9 12:37:26.541 2015] [ 2837] caught SIGHUP (seamless=1, in queue=1)
[Fri Oct  9 12:37:26.563 2015] [ 2837] rotating index 'listing_delta': started
[Fri Oct  9 12:37:26.567 2015] [ 2837] rotating index 'listing_delta': success
[Fri Oct  9 12:37:26.567 2015] [ 2837] rotating index: all indexes done
[Fri Oct  9 12:40:52.432 2015] [ 2837] caught SIGHUP (seamless=1, in queue=1)
[Fri Oct  9 12:40:52.492 2015] [ 2837] rotating index 'listing_delta': started
[Fri Oct  9 12:40:52.529 2015] [ 2837] rotating index 'listing_delta': success
[Fri Oct  9 12:40:52.530 2015] [ 2837] rotating index: all indexes done
[Fri Oct  9 12:42:03.074 2015] [ 2837] caught SIGHUP (seamless=1, in queue=1)
[Fri Oct  9 12:42:03.125 2015] [ 2837] rotating index 'listing_delta': started
[Fri Oct  9 12:42:03.128 2015] [ 2837] rotating index 'listing_delta': success
[Fri Oct  9 12:42:03.128 2015] [ 2837] rotating index: all indexes done
[Fri Oct  9 12:43:54.171 2015] [ 2837] caught SIGHUP (seamless=1, in queue=1)
[Fri Oct  9 12:43:54.235 2015] [ 2837] rotating index 'listing_delta': started
[Fri Oct  9 12:43:54.273 2015] [ 2837] rotating index 'listing_delta': success
[Fri Oct  9 12:43:54.274 2015] [ 2837] rotating index: all indexes done
[Fri Oct  9 12:48:35.634 2015] [ 2837] caught SIGHUP (seamless=1, in queue=1)
[Fri Oct  9 12:48:35.688 2015] [ 2837] rotating index 'listing_delta': started
[Fri Oct  9 12:48:35.704 2015] [ 2837] rotating index 'listing_delta': success
[Fri Oct  9 12:48:35.704 2015] [ 2837] rotating index: all indexes done
[Fri Oct  9 13:05:17.747 2015] [ 2837] caught SIGHUP (seamless=1, in queue=1)
[Fri Oct  9 13:05:17.771 2015] [ 2837] rotating index 'listing_delta': started
[Fri Oct  9 13:05:17.784 2015] [ 2837] rotating index 'listing_delta': success
[Fri Oct  9 13:05:17.785 2015] [ 2837] rotating index: all indexes done
[Fri Oct  9 13:05:58.327 2015] [ 2837] caught SIGHUP (seamless=1, in queue=1)
[Fri Oct  9 13:05:58.365 2015] [ 2837] rotating index 'listing_delta': started
[Fri Oct  9 13:05:58.389 2015] [ 2837] rotating index 'listing_delta': success
[Fri Oct  9 13:05:58.390 2015] [ 2837] rotating index: all indexes done
[Fri Oct  9 13:06:38.941 2015] [ 2837] caught SIGHUP (seamless=1, in queue=1)
[Fri Oct  9 13:06:38.978 2015] [ 2837] rotating index 'listing_delta': started
[Fri Oct  9 13:06:38.980 2015] [ 2837] rotating index 'listing_delta': success
[Fri Oct  9 13:06:38.980 2015] [ 2837] rotating index: all indexes done
[Fri Oct  9 13:11:29.902 2015] [ 2837] caught SIGHUP (seamless=1, in queue=1)
[Fri Oct  9 13:11:29.976 2015] [ 2837] rotating index 'listing_delta': started
[Fri Oct  9 13:11:29.979 2015] [ 2837] rotating index 'listing_delta': success
[Fri Oct  9 13:11:29.979 2015] [ 2837] rotating index: all indexes done
[Fri Oct  9 13:57:17.498 2015] [ 2837] caught SIGHUP (seamless=1, in queue=1)
[Fri Oct  9 13:57:17.544 2015] [ 2837] rotating index 'listing_delta': started
[Fri Oct  9 13:57:17.731 2015] [ 2837] rotating index 'listing_delta': success
[Fri Oct  9 13:57:17.732 2015] [ 2837] rotating index: all indexes done
[Fri Oct  9 14:04:37.870 2015] [ 2837] caught SIGHUP (seamless=1, in queue=1)
[Fri Oct  9 14:04:38.027 2015] [ 2837] rotating index 'listing_delta': started
[Fri Oct  9 14:04:38.124 2015] [ 2837] rotating index 'listing_delta': success
[Fri Oct  9 14:04:38.125 2015] [ 2837] rotating index 'listing_core': started
[Fri Oct  9 14:04:38.192 2015] [ 2837] WARNING: binlog: failed to unlink /Users/rajendra/Desktop/project-share/tmp/binlog/development/binlog.001: No such file or directory (remove it manually)
[Fri Oct  9 14:04:38.193 2015] [ 2837] rotating index 'listing_core': success
[Fri Oct  9 14:04:38.193 2015] [ 2837] rotating index 'custom_field_value_delta': started
[Fri Oct  9 14:04:38.238 2015] [ 2837] rotating index 'custom_field_value_delta': success
[Fri Oct  9 14:04:38.238 2015] [ 2837] rotating index 'custom_field_value_core': started
[Fri Oct  9 14:04:38.242 2015] [ 2837] rotating index 'custom_field_value_core': success
[Fri Oct  9 14:04:38.243 2015] [ 2837] rotating index: all indexes done
